<?xml version="1.0" encoding="UTF-8"?>
<testng-results skipped="0" failed="0" total="1" passed="1">
  <reporter-output>
  </reporter-output>
  <suite name="Default suite" duration-ms="2587" started-at="2020-03-18T01:31:35Z" finished-at="2020-03-18T01:31:37Z">
    <groups>
    </groups>
    <test name="Default test" duration-ms="2587" started-at="2020-03-18T01:31:35Z" finished-at="2020-03-18T01:31:37Z">
      <class name="com.frameworkexample.qa.testcases.ContactTest">
        <test-method status="PASS" signature="registrationFormTest()[pri:0, instance:com.frameworkexample.qa.testcases.ContactTest@5d0bf09b]" name="registrationFormTest" duration-ms="2564" started-at="2020-03-17T21:31:35Z" finished-at="2020-03-17T21:31:37Z">
          <reporter-output>
          </reporter-output>
        </test-method> <!-- registrationFormTest -->
        <test-method status="PASS" signature="tearDown()[pri:0, instance:com.frameworkexample.qa.testcases.ContactTest@5d0bf09b]" name="tearDown" is-config="true" duration-ms="1" started-at="2020-03-17T21:31:37Z" finished-at="2020-03-17T21:31:37Z">
          <reporter-output>
          </reporter-output>
        </test-method> <!-- tearDown -->
      </class> <!-- com.frameworkexample.qa.testcases.ContactTest -->
    </test> <!-- Default test -->
  </suite> <!-- Default suite -->
</testng-results>
